This is pdfTeX, Version 3.1415926-1.40.11 (MiKTeX 2.9 Beta 1) (preloaded format=pdflatex 2011.4.10)  23 APR 2011 10:13
entering extended mode
**7_ErwartetesErgebnis.tex
(E:\Desktop\vsyligretto\Ligretto\7_ErwartetesErgebnis.tex
LaTeX2e <2009/09/24>
Babel <v3.8l> and hyphenation patterns for english, arabic, bulgarian, panjabi,
 kurmanji, basque, russian, estonian, hungarian, czech, german-x-2009-06-19, ma
layalam, armenian, portuguese, ngerman-x-2009-06-19, nynorsk, ancientgreek, mon
golianlmc, catalan, sanskrit, pinyin, irish, gujarati, assamese, ukenglish, cop
tic, croatian, slovenian, danish, dutch, serbian, usenglishmax, esperanto, fars
i, swedish, finnish, french, galician, german, spanish, kannada, oriya, ngerman
, swissgerman, monogreek, interlingua, greek, icelandic, bengali, hindi, bokmal
, marathi, tamil, telugu, indonesian, italian, lao, latin, latvian, lithuanian,
 mongolian, polish, romanian, slovak, turkish, turkmen, ukrainian, uppersorbian
, welsh, loaded.
! Undefined control sequence.
l.1 \section
            {Erwartetes Ergebnis}
The control sequence at the end of the top line
of your error message was never \def'ed. If you have
misspelled it (e.g., `\hobx'), type `I' and the correct
spelling (e.g., `I\hbox'). Otherwise just continue,
and I'll forget about whatever was undefined.


! LaTeX Error: Missing \begin{document}.

See the LaTeX manual or LaTeX Companion for explanation.
Type  H <return>  for immediate help.
 ...                                              
                                                  
l.1 \section{E
              rwartetes Ergebnis}
You're in trouble here.  Try typing  <return>  to proceed.
If that doesn't work, type  X <return>  to quit.

Missing character: There is no E in font nullfont!
Missing character: There is no r in font nullfont!
Missing character: There is no w in font nullfont!
Missing character: There is no a in font nullfont!
Missing character: There is no r in font nullfont!
Missing character: There is no t in font nullfont!
Missing character: There is no e in font nullfont!
Missing character: There is no t in font nullfont!
Missing character: There is no e in font nullfont!
Missing character: There is no s in font nullfont!
Missing character: There is no E in font nullfont!
Missing character: There is no r in font nullfont!
Missing character: There is no g in font nullfont!
Missing character: There is no e in font nullfont!
Missing character: There is no b in font nullfont!
Missing character: There is no n in font nullfont!
Missing character: There is no i in font nullfont!
Missing character: There is no s in font nullfont!

Overfull \hbox (20.0pt too wide) in paragraph at lines 1--2
[]
 []

! Undefined control sequence.
l.3 \color
          {red}
The control sequence at the end of the top line
of your error message was never \def'ed. If you have
misspelled it (e.g., `\hobx'), type `I' and the correct
spelling (e.g., `I\hbox'). Otherwise just continue,
and I'll forget about whatever was undefined.


! LaTeX Error: Missing \begin{document}.

See the LaTeX manual or LaTeX Companion for explanation.
Type  H <return>  for immediate help.
 ...                                              
                                                  
l.3 \color{r
            ed}
You're in trouble here.  Try typing  <return>  to proceed.
If that doesn't work, type  X <return>  to quit.

Missing character: There is no r in font nullfont!
Missing character: There is no e in font nullfont!
Missing character: There is no d in font nullfont!
! Undefined control sequence.
l.5 \color
          {black}
The control sequence at the end of the top line
of your error message was never \def'ed. If you have
misspelled it (e.g., `\hobx'), type `I' and the correct
spelling (e.g., `I\hbox'). Otherwise just continue,
and I'll forget about whatever was undefined.

Missing character: There is no b in font nullfont!
Missing character: There is no l in font nullfont!
Missing character: There is no a in font nullfont!
Missing character: There is no c in font nullfont!
Missing character: There is no k in font nullfont!

Overfull \hbox (20.0pt too wide) in paragraph at lines 3--6
[]
 []


Overfull \hbox (26.24986pt too wide) in paragraph at lines 3--6
\OT1/cmr/bx/n/10 Noch
 []


Overfull \hbox (11.49994pt too wide) in paragraph at lines 3--6
\OT1/cmr/bx/n/10 zu
 []


Overfull \hbox (31.88875pt too wide) in paragraph at lines 3--6
\OT1/cmr/bx/n/10 erledi-
 []


Overfull \hbox (17.40964pt too wide) in paragraph at lines 3--6
\OT1/cmr/bx/n/10 gen
 []

! Undefined control sequence.
l.7 \subsection
               {Auswirkungen bei starker Skallierung}
The control sequence at the end of the top line
of your error message was never \def'ed. If you have
misspelled it (e.g., `\hobx'), type `I' and the correct
spelling (e.g., `I\hbox'). Otherwise just continue,
and I'll forget about whatever was undefined.


! LaTeX Error: Missing \begin{document}.

See the LaTeX manual or LaTeX Companion for explanation.
Type  H <return>  for immediate help.
 ...                                              
                                                  
l.7 \subsection{A
                 uswirkungen bei starker Skallierung}
You're in trouble here.  Try typing  <return>  to proceed.
If that doesn't work, type  X <return>  to quit.

Missing character: There is no A in font nullfont!
Missing character: There is no u in font nullfont!
Missing character: There is no s in font nullfont!
Missing character: There is no w in font nullfont!
Missing character: There is no i in font nullfont!
Missing character: There is no r in font nullfont!
Missing character: There is no k in font nullfont!
Missing character: There is no u in font nullfont!
Missing character: There is no n in font nullfont!
Missing character: There is no g in font nullfont!
Missing character: There is no e in font nullfont!
Missing character: There is no n in font nullfont!
Missing character: There is no b in font nullfont!
Missing character: There is no e in font nullfont!
Missing character: There is no i in font nullfont!
Missing character: There is no s in font nullfont!
Missing character: There is no t in font nullfont!
Missing character: There is no a in font nullfont!
Missing character: There is no r in font nullfont!
Missing character: There is no k in font nullfont!
Missing character: There is no e in font nullfont!
Missing character: There is no r in font nullfont!
Missing character: There is no S in font nullfont!
Missing character: There is no k in font nullfont!
Missing character: There is no a in font nullfont!
Missing character: There is no l in font nullfont!
Missing character: There is no l in font nullfont!
Missing character: There is no i in font nullfont!
Missing character: There is no e in font nullfont!
Missing character: There is no r in font nullfont!
Missing character: There is no u in font nullfont!
Missing character: There is no n in font nullfont!
Missing character: There is no g in font nullfont!

Overfull \hbox (20.0pt too wide) in paragraph at lines 7--8
[]
 []

)
! Emergency stop.
<*> 7_ErwartetesErgebnis.tex
                            
*** (job aborted, no legal \end found)

 
Here is how much of TeX's memory you used:
 10 strings out of 494028
 273 string characters out of 3144402
 48887 words of memory out of 3000000
 3396 multiletter control sequences out of 15000+200000
 3948 words of font info for 15 fonts, out of 3000000 for 9000
 714 hyphenation exceptions out of 8191
 13i,1n,10p,293b,67s stack positions out of 5000i,500n,10000p,200000b,50000s
!  ==> Fatal error occurred, no output PDF file produced!
